#! /usr/bin/vvp
:ivl_version "11.0 (stable)";
:ivl_delay_selection "TYPICAL";
:vpi_time_precision + 0;
:vpi_module "/usr/lib/x86_64-linux-gnu/ivl/system.vpi";
:vpi_module "/usr/lib/x86_64-linux-gnu/ivl/vhdl_sys.vpi";
:vpi_module "/usr/lib/x86_64-linux-gnu/ivl/vhdl_textio.vpi";
:vpi_module "/usr/lib/x86_64-linux-gnu/ivl/v2005_math.vpi";
:vpi_module "/usr/lib/x86_64-linux-gnu/ivl/va_math.vpi";
S_0x562391ccbd90 .scope module, "Mux2x1_8Bits" "Mux2x1_8Bits" 2 1;
 .timescale 0 0;
    .port_info 0 /INPUT 8 "In0";
    .port_info 1 /INPUT 8 "In1";
    .port_info 2 /INPUT 1 "clk";
    .port_info 3 /INPUT 1 "valid0";
    .port_info 4 /INPUT 1 "valid1";
    .port_info 5 /OUTPUT 1 "outValid";
    .port_info 6 /OUTPUT 8 "data_out";
o0x7f52d5b9e018 .functor BUFZ 8, C4<zzzzzzzz>; HiZ drive
v0x562391cce190_0 .net "In0", 7 0, o0x7f52d5b9e018;  0 drivers
o0x7f52d5b9e048 .functor BUFZ 8, C4<zzzzzzzz>; HiZ drive
v0x562391ccdf30_0 .net "In1", 7 0, o0x7f52d5b9e048;  0 drivers
v0x562391d17b70_0 .var "ValorAnterior", 7 0;
o0x7f52d5b9e0a8 .functor BUFZ 1, C4<z>; HiZ drive
v0x562391d17c30_0 .net "clk", 0 0, o0x7f52d5b9e0a8;  0 drivers
v0x562391d17cf0_0 .var "data_out", 7 0;
v0x562391d17e20_0 .var "outValid", 0 0;
v0x562391d17ee0_0 .var "selector", 0 0;
o0x7f52d5b9e168 .functor BUFZ 1, C4<z>; HiZ drive
v0x562391d17fa0_0 .net "valid0", 0 0, o0x7f52d5b9e168;  0 drivers
o0x7f52d5b9e198 .functor BUFZ 1, C4<z>; HiZ drive
v0x562391d18060_0 .net "valid1", 0 0, o0x7f52d5b9e198;  0 drivers
v0x562391d18120_0 .var "validTemp", 0 0;
E_0x562391d04bb0 .event posedge, v0x562391d17c30_0;
E_0x562391cef080/0 .event edge, v0x562391d17cf0_0, v0x562391d17fa0_0, v0x562391d17ee0_0, v0x562391cce190_0;
E_0x562391cef080/1 .event edge, v0x562391d18060_0, v0x562391ccdf30_0, v0x562391d17b70_0;
E_0x562391cef080 .event/or E_0x562391cef080/0, E_0x562391cef080/1;
    .scope S_0x562391ccbd90;
T_0 ;
    %pushi/vec4 0, 0, 1;
    %store/vec4 v0x562391d17ee0_0, 0, 1;
    %end;
    .thread T_0;
    .scope S_0x562391ccbd90;
T_1 ;
    %wait E_0x562391cef080;
    %pushi/vec4 0, 0, 1;
    %store/vec4 v0x562391d18120_0, 0, 1;
    %load/vec4 v0x562391d17cf0_0;
    %store/vec4 v0x562391d17b70_0, 0, 8;
    %load/vec4 v0x562391d17fa0_0;
    %pad/u 32;
    %pushi/vec4 1, 0, 32;
    %cmp/e;
    %flag_get/vec4 4;
    %load/vec4 v0x562391d17ee0_0;
    %pad/u 32;
    %pushi/vec4 0, 0, 32;
    %cmp/e;
    %flag_get/vec4 4;
    %and;
    %flag_set/vec4 8;
    %jmp/0xz  T_1.0, 8;
    %load/vec4 v0x562391cce190_0;
    %store/vec4 v0x562391d17b70_0, 0, 8;
    %load/vec4 v0x562391d17fa0_0;
    %store/vec4 v0x562391d18120_0, 0, 1;
    %jmp T_1.1;
T_1.0 ;
    %load/vec4 v0x562391d18060_0;
    %pad/u 32;
    %pushi/vec4 1, 0, 32;
    %cmp/e;
    %flag_get/vec4 4;
    %load/vec4 v0x562391d17ee0_0;
    %pad/u 32;
    %pushi/vec4 1, 0, 32;
    %cmp/e;
    %flag_get/vec4 4;
    %and;
    %flag_set/vec4 8;
    %jmp/0xz  T_1.2, 8;
    %load/vec4 v0x562391ccdf30_0;
    %store/vec4 v0x562391d17b70_0, 0, 8;
    %load/vec4 v0x562391d18060_0;
    %store/vec4 v0x562391d18120_0, 0, 1;
    %jmp T_1.3;
T_1.2 ;
    %pushi/vec4 0, 0, 1;
    %store/vec4 v0x562391d18120_0, 0, 1;
    %load/vec4 v0x562391d17b70_0;
    %store/vec4 v0x562391d17b70_0, 0, 8;
T_1.3 ;
T_1.1 ;
    %jmp T_1;
    .thread T_1, $push;
    .scope S_0x562391ccbd90;
T_2 ;
    %wait E_0x562391d04bb0;
    %load/vec4 v0x562391d17ee0_0;
    %pad/u 2;
    %addi 1, 0, 2;
    %pad/u 1;
    %assign/vec4 v0x562391d17ee0_0, 0;
    %load/vec4 v0x562391d17b70_0;
    %assign/vec4 v0x562391d17cf0_0, 0;
    %load/vec4 v0x562391d18120_0;
    %assign/vec4 v0x562391d17e20_0, 0;
    %jmp T_2;
    .thread T_2;
# The file index is used to find the file name in the following table.
:file_names 3;
    "N/A";
    "<interactive>";
    "Mux2x1_8Bits.v";
