#! /usr/bin/vvp
:ivl_version "10.3 (stable)";
:ivl_delay_selection "TYPICAL";
:vpi_time_precision + 0;
:vpi_module "system";
:vpi_module "vhdl_sys";
:vpi_module "v2005_math";
:vpi_module "va_math";
S_0x7fffde7a4d10 .scope module, "BancoPruebasSerialParalelo" "BancoPruebasSerialParalelo" 2 4;
 .timescale 0 0;
v0x7fffde7d5140_0 .net "BC_counter", 3 0, v0x7fffde79c3e0_0;  1 drivers
v0x7fffde7d5220_0 .net "active", 0 0, v0x7fffde79c680_0;  1 drivers
v0x7fffde7d5330_0 .net "clk_32f", 0 0, v0x7fffde7d4c20_0;  1 drivers
v0x7fffde7d5420_0 .net "clk_4f", 0 0, v0x7fffde7d4cc0_0;  1 drivers
v0x7fffde7d5510_0 .net "data2send", 7 0, v0x7fffde79cee0_0;  1 drivers
v0x7fffde7d5650_0 .net "data_in", 0 0, v0x7fffde7d4e50_0;  1 drivers
v0x7fffde7d5740_0 .net "valid_out", 0 0, v0x7fffde7d4710_0;  1 drivers
S_0x7fffde7a4e90 .scope module, "SP" "serial_paralelo" 2 20, 3 1 0, S_0x7fffde7a4d10;
 .timescale 0 0;
    .port_info 0 /INPUT 1 "clk_4f"
    .port_info 1 /INPUT 1 "clk_32f"
    .port_info 2 /INPUT 1 "data_in"
    .port_info 3 /OUTPUT 8 "data2send"
    .port_info 4 /OUTPUT 8 "data_out"
    .port_info 5 /OUTPUT 4 "BC_counter"
    .port_info 6 /OUTPUT 1 "active"
    .port_info 7 /OUTPUT 1 "valid_out"
v0x7fffde79c3e0_0 .var "BC_counter", 3 0;
v0x7fffde79c680_0 .var "active", 0 0;
v0x7fffde79c960_0 .net "clk_32f", 0 0, v0x7fffde7d4c20_0;  alias, 1 drivers
v0x7fffde79cc20_0 .net "clk_4f", 0 0, v0x7fffde7d4cc0_0;  alias, 1 drivers
v0x7fffde79cee0_0 .var "data2send", 7 0;
v0x7fffde79d180_0 .net "data_in", 0 0, v0x7fffde7d4e50_0;  alias, 1 drivers
v0x7fffde79d380_0 .var "data_out", 7 0;
v0x7fffde7d4030_0 .var "selector", 2 0;
v0x7fffde7d4110_0 .var "temp0", 0 0;
v0x7fffde7d41d0_0 .var "temp1", 0 0;
v0x7fffde7d4290_0 .var "temp2", 0 0;
v0x7fffde7d4350_0 .var "temp3", 0 0;
v0x7fffde7d4410_0 .var "temp4", 0 0;
v0x7fffde7d44d0_0 .var "temp5", 0 0;
v0x7fffde7d4590_0 .var "temp6", 0 0;
v0x7fffde7d4650_0 .var "temp7", 0 0;
v0x7fffde7d4710_0 .var "valid_out", 0 0;
E_0x7fffde7b99e0 .event posedge, v0x7fffde79cc20_0;
E_0x7fffde7b9dd0 .event posedge, v0x7fffde79c960_0;
E_0x7fffde7ba480 .event edge, v0x7fffde7d4030_0, v0x7fffde79d180_0;
S_0x7fffde7d48d0 .scope module, "probador" "probador_serial" 2 11, 4 1 0, S_0x7fffde7a4d10;
 .timescale 0 0;
    .port_info 0 /INPUT 8 "data2send"
    .port_info 1 /INPUT 8 "data_out"
    .port_info 2 /INPUT 4 "BC_counter"
    .port_info 3 /INPUT 1 "active"
    .port_info 4 /INPUT 1 "valid_out"
    .port_info 5 /OUTPUT 1 "clk_4f"
    .port_info 6 /OUTPUT 1 "clk_32f"
    .port_info 7 /OUTPUT 1 "data_in"
v0x7fffde7d4ac0_0 .net "BC_counter", 3 0, v0x7fffde79c3e0_0;  alias, 1 drivers
v0x7fffde7d4b80_0 .net "active", 0 0, v0x7fffde79c680_0;  alias, 1 drivers
v0x7fffde7d4c20_0 .var "clk_32f", 0 0;
v0x7fffde7d4cc0_0 .var "clk_4f", 0 0;
v0x7fffde7d4d60_0 .net "data2send", 7 0, v0x7fffde79cee0_0;  alias, 1 drivers
v0x7fffde7d4e50_0 .var "data_in", 0 0;
o0x7f41ac9304c8 .functor BUFZ 8, C4<zzzzzzzz>; HiZ drive
v0x7fffde7d4f20_0 .net "data_out", 7 0, o0x7f41ac9304c8;  0 drivers
v0x7fffde7d4fc0_0 .net "valid_out", 0 0, v0x7fffde7d4710_0;  alias, 1 drivers
    .scope S_0x7fffde7d48d0;
T_0 ;
    %vpi_call 4 9 "$dumpfile", "SerialParalelo.vcd" {0 0 0};
    %vpi_call 4 10 "$dumpvars" {0 0 0};
    %pushi/vec4 0, 0, 1;
    %store/vec4 v0x7fffde7d4e50_0, 0, 1;
    %wait E_0x7fffde7b99e0;
    %wait E_0x7fffde7b9dd0;
    %pushi/vec4 0, 0, 1;
    %store/vec4 v0x7fffde7d4e50_0, 0, 1;
    %wait E_0x7fffde7b9dd0;
    %pushi/vec4 0, 0, 1;
    %store/vec4 v0x7fffde7d4e50_0, 0, 1;
    %wait E_0x7fffde7b9dd0;
    %pushi/vec4 0, 0, 1;
    %store/vec4 v0x7fffde7d4e50_0, 0, 1;
    %wait E_0x7fffde7b9dd0;
    %pushi/vec4 0, 0, 1;
    %store/vec4 v0x7fffde7d4e50_0, 0, 1;
    %wait E_0x7fffde7b9dd0;
    %pushi/vec4 0, 0, 1;
    %store/vec4 v0x7fffde7d4e50_0, 0, 1;
    %wait E_0x7fffde7b9dd0;
    %pushi/vec4 0, 0, 1;
    %store/vec4 v0x7fffde7d4e50_0, 0, 1;
    %wait E_0x7fffde7b9dd0;
    %pushi/vec4 0, 0, 1;
    %store/vec4 v0x7fffde7d4e50_0, 0, 1;
    %wait E_0x7fffde7b9dd0;
    %pushi/vec4 0, 0, 1;
    %store/vec4 v0x7fffde7d4e50_0, 0, 1;
    %wait E_0x7fffde7b9dd0;
    %pushi/vec4 0, 0, 1;
    %store/vec4 v0x7fffde7d4e50_0, 0, 1;
    %wait E_0x7fffde7b9dd0;
    %pushi/vec4 0, 0, 1;
    %store/vec4 v0x7fffde7d4e50_0, 0, 1;
    %wait E_0x7fffde7b9dd0;
    %pushi/vec4 1, 0, 1;
    %store/vec4 v0x7fffde7d4e50_0, 0, 1;
    %wait E_0x7fffde7b9dd0;
    %pushi/vec4 1, 0, 1;
    %store/vec4 v0x7fffde7d4e50_0, 0, 1;
    %wait E_0x7fffde7b9dd0;
    %pushi/vec4 1, 0, 1;
    %store/vec4 v0x7fffde7d4e50_0, 0, 1;
    %wait E_0x7fffde7b9dd0;
    %pushi/vec4 1, 0, 1;
    %store/vec4 v0x7fffde7d4e50_0, 0, 1;
    %wait E_0x7fffde7b9dd0;
    %pushi/vec4 0, 0, 1;
    %store/vec4 v0x7fffde7d4e50_0, 0, 1;
    %wait E_0x7fffde7b9dd0;
    %pushi/vec4 1, 0, 1;
    %store/vec4 v0x7fffde7d4e50_0, 0, 1;
    %wait E_0x7fffde7b9dd0;
    %pushi/vec4 1, 0, 1;
    %store/vec4 v0x7fffde7d4e50_0, 0, 1;
    %wait E_0x7fffde7b9dd0;
    %pushi/vec4 0, 0, 1;
    %store/vec4 v0x7fffde7d4e50_0, 0, 1;
    %wait E_0x7fffde7b9dd0;
    %pushi/vec4 1, 0, 1;
    %store/vec4 v0x7fffde7d4e50_0, 0, 1;
    %wait E_0x7fffde7b9dd0;
    %pushi/vec4 1, 0, 1;
    %store/vec4 v0x7fffde7d4e50_0, 0, 1;
    %wait E_0x7fffde7b9dd0;
    %pushi/vec4 1, 0, 1;
    %store/vec4 v0x7fffde7d4e50_0, 0, 1;
    %wait E_0x7fffde7b9dd0;
    %pushi/vec4 1, 0, 1;
    %store/vec4 v0x7fffde7d4e50_0, 0, 1;
    %wait E_0x7fffde7b9dd0;
    %pushi/vec4 0, 0, 1;
    %store/vec4 v0x7fffde7d4e50_0, 0, 1;
    %wait E_0x7fffde7b9dd0;
    %pushi/vec4 0, 0, 1;
    %store/vec4 v0x7fffde7d4e50_0, 0, 1;
    %wait E_0x7fffde7b9dd0;
    %pushi/vec4 1, 0, 1;
    %store/vec4 v0x7fffde7d4e50_0, 0, 1;
    %wait E_0x7fffde7b9dd0;
    %pushi/vec4 0, 0, 1;
    %store/vec4 v0x7fffde7d4e50_0, 0, 1;
    %wait E_0x7fffde7b9dd0;
    %pushi/vec4 1, 0, 1;
    %store/vec4 v0x7fffde7d4e50_0, 0, 1;
    %wait E_0x7fffde7b9dd0;
    %pushi/vec4 1, 0, 1;
    %store/vec4 v0x7fffde7d4e50_0, 0, 1;
    %wait E_0x7fffde7b9dd0;
    %pushi/vec4 1, 0, 1;
    %store/vec4 v0x7fffde7d4e50_0, 0, 1;
    %wait E_0x7fffde7b9dd0;
    %pushi/vec4 1, 0, 1;
    %store/vec4 v0x7fffde7d4e50_0, 0, 1;
    %wait E_0x7fffde7b9dd0;
    %pushi/vec4 0, 0, 1;
    %store/vec4 v0x7fffde7d4e50_0, 0, 1;
    %wait E_0x7fffde7b9dd0;
    %pushi/vec4 0, 0, 1;
    %store/vec4 v0x7fffde7d4e50_0, 0, 1;
    %wait E_0x7fffde7b9dd0;
    %pushi/vec4 1, 0, 1;
    %store/vec4 v0x7fffde7d4e50_0, 0, 1;
    %wait E_0x7fffde7b9dd0;
    %pushi/vec4 1, 0, 1;
    %store/vec4 v0x7fffde7d4e50_0, 0, 1;
    %wait E_0x7fffde7b9dd0;
    %pushi/vec4 1, 0, 1;
    %store/vec4 v0x7fffde7d4e50_0, 0, 1;
    %wait E_0x7fffde7b9dd0;
    %pushi/vec4 1, 0, 1;
    %store/vec4 v0x7fffde7d4e50_0, 0, 1;
    %wait E_0x7fffde7b9dd0;
    %pushi/vec4 1, 0, 1;
    %store/vec4 v0x7fffde7d4e50_0, 0, 1;
    %wait E_0x7fffde7b9dd0;
    %pushi/vec4 1, 0, 1;
    %store/vec4 v0x7fffde7d4e50_0, 0, 1;
    %wait E_0x7fffde7b9dd0;
    %pushi/vec4 1, 0, 1;
    %store/vec4 v0x7fffde7d4e50_0, 0, 1;
    %wait E_0x7fffde7b9dd0;
    %pushi/vec4 1, 0, 1;
    %store/vec4 v0x7fffde7d4e50_0, 0, 1;
    %wait E_0x7fffde7b9dd0;
    %pushi/vec4 1, 0, 1;
    %store/vec4 v0x7fffde7d4e50_0, 0, 1;
    %wait E_0x7fffde7b9dd0;
    %pushi/vec4 1, 0, 1;
    %store/vec4 v0x7fffde7d4e50_0, 0, 1;
    %wait E_0x7fffde7b9dd0;
    %pushi/vec4 1, 0, 1;
    %store/vec4 v0x7fffde7d4e50_0, 0, 1;
    %wait E_0x7fffde7b9dd0;
    %pushi/vec4 0, 0, 1;
    %store/vec4 v0x7fffde7d4e50_0, 0, 1;
    %wait E_0x7fffde7b9dd0;
    %pushi/vec4 1, 0, 1;
    %store/vec4 v0x7fffde7d4e50_0, 0, 1;
    %wait E_0x7fffde7b9dd0;
    %pushi/vec4 1, 0, 1;
    %store/vec4 v0x7fffde7d4e50_0, 0, 1;
    %wait E_0x7fffde7b9dd0;
    %pushi/vec4 1, 0, 1;
    %store/vec4 v0x7fffde7d4e50_0, 0, 1;
    %wait E_0x7fffde7b9dd0;
    %pushi/vec4 0, 0, 1;
    %store/vec4 v0x7fffde7d4e50_0, 0, 1;
    %wait E_0x7fffde7b9dd0;
    %vpi_call 4 171 "$finish" {0 0 0};
    %end;
    .thread T_0;
    .scope S_0x7fffde7d48d0;
T_1 ;
    %pushi/vec4 0, 0, 1;
    %assign/vec4 v0x7fffde7d4cc0_0, 0;
    %end;
    .thread T_1;
    .scope S_0x7fffde7d48d0;
T_2 ;
    %pushi/vec4 1, 0, 1;
    %assign/vec4 v0x7fffde7d4c20_0, 0;
    %end;
    .thread T_2;
    .scope S_0x7fffde7d48d0;
T_3 ;
    %delay 16, 0;
    %load/vec4 v0x7fffde7d4cc0_0;
    %inv;
    %assign/vec4 v0x7fffde7d4cc0_0, 0;
    %jmp T_3;
    .thread T_3;
    .scope S_0x7fffde7d48d0;
T_4 ;
    %delay 2, 0;
    %load/vec4 v0x7fffde7d4c20_0;
    %inv;
    %assign/vec4 v0x7fffde7d4c20_0, 0;
    %jmp T_4;
    .thread T_4;
    .scope S_0x7fffde7a4e90;
T_5 ;
    %pushi/vec4 3, 0, 3;
    %store/vec4 v0x7fffde7d4030_0, 0, 3;
    %end;
    .thread T_5;
    .scope S_0x7fffde7a4e90;
T_6 ;
    %wait E_0x7fffde7ba480;
    %load/vec4 v0x7fffde7d4030_0;
    %dup/vec4;
    %pushi/vec4 0, 0, 3;
    %cmp/u;
    %jmp/1 T_6.0, 6;
    %dup/vec4;
    %pushi/vec4 1, 0, 3;
    %cmp/u;
    %jmp/1 T_6.1, 6;
    %dup/vec4;
    %pushi/vec4 2, 0, 3;
    %cmp/u;
    %jmp/1 T_6.2, 6;
    %dup/vec4;
    %pushi/vec4 3, 0, 3;
    %cmp/u;
    %jmp/1 T_6.3, 6;
    %dup/vec4;
    %pushi/vec4 4, 0, 3;
    %cmp/u;
    %jmp/1 T_6.4, 6;
    %dup/vec4;
    %pushi/vec4 5, 0, 3;
    %cmp/u;
    %jmp/1 T_6.5, 6;
    %dup/vec4;
    %pushi/vec4 6, 0, 3;
    %cmp/u;
    %jmp/1 T_6.6, 6;
    %dup/vec4;
    %pushi/vec4 7, 0, 3;
    %cmp/u;
    %jmp/1 T_6.7, 6;
    %jmp T_6.8;
T_6.0 ;
    %load/vec4 v0x7fffde79d180_0;
    %assign/vec4 v0x7fffde7d4110_0, 0;
    %jmp T_6.8;
T_6.1 ;
    %load/vec4 v0x7fffde79d180_0;
    %assign/vec4 v0x7fffde7d41d0_0, 0;
    %jmp T_6.8;
T_6.2 ;
    %load/vec4 v0x7fffde79d180_0;
    %assign/vec4 v0x7fffde7d4290_0, 0;
    %jmp T_6.8;
T_6.3 ;
    %load/vec4 v0x7fffde79d180_0;
    %assign/vec4 v0x7fffde7d4350_0, 0;
    %jmp T_6.8;
T_6.4 ;
    %load/vec4 v0x7fffde79d180_0;
    %assign/vec4 v0x7fffde7d4410_0, 0;
    %jmp T_6.8;
T_6.5 ;
    %load/vec4 v0x7fffde79d180_0;
    %assign/vec4 v0x7fffde7d44d0_0, 0;
    %jmp T_6.8;
T_6.6 ;
    %load/vec4 v0x7fffde79d180_0;
    %assign/vec4 v0x7fffde7d4590_0, 0;
    %jmp T_6.8;
T_6.7 ;
    %load/vec4 v0x7fffde79d180_0;
    %assign/vec4 v0x7fffde7d4650_0, 0;
    %jmp T_6.8;
T_6.8 ;
    %pop/vec4 1;
    %jmp T_6;
    .thread T_6, $push;
    .scope S_0x7fffde7a4e90;
T_7 ;
    %wait E_0x7fffde7b9dd0;
    %load/vec4 v0x7fffde7d4030_0;
    %addi 1, 0, 3;
    %assign/vec4 v0x7fffde7d4030_0, 0;
    %jmp T_7;
    .thread T_7;
    .scope S_0x7fffde7a4e90;
T_8 ;
    %wait E_0x7fffde7b99e0;
    %pushi/vec4 1, 0, 3;
    %assign/vec4 v0x7fffde7d4030_0, 0;
    %load/vec4 v0x7fffde7d4110_0;
    %ix/load 4, 0, 0;
    %ix/load 5, 0, 0;
    %flag_set/imm 4, 0;
    %assign/vec4/off/d v0x7fffde79cee0_0, 4, 5;
    %load/vec4 v0x7fffde7d41d0_0;
    %ix/load 4, 1, 0;
    %ix/load 5, 0, 0;
    %flag_set/imm 4, 0;
    %assign/vec4/off/d v0x7fffde79cee0_0, 4, 5;
    %load/vec4 v0x7fffde7d4290_0;
    %ix/load 4, 2, 0;
    %ix/load 5, 0, 0;
    %flag_set/imm 4, 0;
    %assign/vec4/off/d v0x7fffde79cee0_0, 4, 5;
    %load/vec4 v0x7fffde7d4350_0;
    %ix/load 4, 3, 0;
    %ix/load 5, 0, 0;
    %flag_set/imm 4, 0;
    %assign/vec4/off/d v0x7fffde79cee0_0, 4, 5;
    %load/vec4 v0x7fffde7d4410_0;
    %ix/load 4, 4, 0;
    %ix/load 5, 0, 0;
    %flag_set/imm 4, 0;
    %assign/vec4/off/d v0x7fffde79cee0_0, 4, 5;
    %load/vec4 v0x7fffde7d44d0_0;
    %ix/load 4, 5, 0;
    %ix/load 5, 0, 0;
    %flag_set/imm 4, 0;
    %assign/vec4/off/d v0x7fffde79cee0_0, 4, 5;
    %load/vec4 v0x7fffde7d4590_0;
    %ix/load 4, 6, 0;
    %ix/load 5, 0, 0;
    %flag_set/imm 4, 0;
    %assign/vec4/off/d v0x7fffde79cee0_0, 4, 5;
    %load/vec4 v0x7fffde7d4650_0;
    %ix/load 4, 7, 0;
    %ix/load 5, 0, 0;
    %flag_set/imm 4, 0;
    %assign/vec4/off/d v0x7fffde79cee0_0, 4, 5;
    %jmp T_8;
    .thread T_8;
# The file index is used to find the file name in the following table.
:file_names 5;
    "N/A";
    "<interactive>";
    "BancoPruebasSerialParalelo.v";
    "./serial_paralelo.v";
    "./probador_serial.v";
